[nb-no.facebook.com/login/index.html]
[backblue.gif]
[fade.gif]
[index.html]
[nb-no.facebook.com/login/L38M]
[nb-no.facebook.com/login/index4964.html]
[nb-no.facebook.com/login/IToy]
[nb-no.facebook.com/login/S+p0]
[nb-no.facebook.com/login/km2J]
[nb-no.facebook.com/login/DMK2]
[nb-no.facebook.com/login/ZLbS]
[nb-no.facebook.com/login/qZW+]
[nb-no.facebook.com/login/XJyV]
[nb-no.facebook.com/login/index.html]
[nb-no.facebook.com/login/index4964.html]
[nb-no.facebook.com/login/L38M.html]
[nb-no.facebook.com/login/IToy.html]
[nb-no.facebook.com/login/S+p0.html]
[nb-no.facebook.com/login/km2J.html]
[nb-no.facebook.com/login/DMK2.html]
[nb-no.facebook.com/login/ZLbS.html]
[nb-no.facebook.com/login/qZW+.html]
[nb-no.facebook.com/login/XJyV.html]
[nb-no.facebook.com/login/XJyV/index.html]
[nb-no.facebook.com/login/XJyV/index.html]
